\BOOKMARK [1][-]{section*.1}{\376\377\000B\000a\000c\000k\000g\000r\000o\000u\000n\000d}{}% 1
\BOOKMARK [2][-]{subsection*.2}{\376\377\000S\000i\000g\000n\000i\000f\000i\000c\000a\000n\000c\000e\000\040\000o\000f\000\040\000s\000w\000i\000n\000e\000\040\000i\000n\000\040\000b\000i\000o\000m\000e\000d\000i\000c\000a\000l\000\040\000r\000e\000s\000e\000a\000r\000c\000h\000\040\000a\000n\000d\000\040\000l\000i\000v\000e\000s\000t\000o\000c\000k\000\040\000s\000y\000s\000t\000e\000m\000s}{section*.1}% 2
\BOOKMARK [2][-]{subsection*.3}{\376\377\000E\000x\000p\000l\000o\000r\000i\000n\000g\000\040\000D\000N\000A\000\040\000m\000e\000t\000h\000y\000l\000a\000t\000i\000o\000n\000\040\000a\000n\000d\000\040\000i\000t\000s\000\040\000r\000o\000l\000e\000\040\000i\000n\000\040\000s\000w\000i\000n\000e\000\040\000d\000e\000v\000e\000l\000o\000p\000m\000e\000n\000t}{section*.1}% 3
\BOOKMARK [2][-]{subsection*.4}{\376\377\000D\000y\000n\000a\000m\000i\000c\000\040\000e\000p\000i\000g\000e\000n\000o\000m\000i\000c\000\040\000s\000w\000i\000t\000c\000h\000e\000s\000\040\000i\000n\000\040\000s\000w\000i\000n\000e\000:\000\040\000I\000n\000t\000e\000g\000r\000a\000t\000i\000n\000g\000\040\000n\000e\000t\000w\000o\000r\000k\000\040\000a\000p\000p\000r\000o\000a\000c\000h\000e\000s}{section*.1}% 4
\BOOKMARK [1][-]{section*.5}{\376\377\000M\000e\000t\000h\000o\000d\000s}{}% 5
\BOOKMARK [2][-]{subsection*.6}{\376\377\000I\000n\000i\000t\000i\000a\000l\000\040\000d\000a\000t\000a\000s\000e\000t\000s}{section*.5}% 6
\BOOKMARK [2][-]{subsection*.7}{\376\377\000D\000a\000t\000a\000\040\000P\000r\000e\000p\000a\000r\000a\000t\000i\000o\000n}{section*.5}% 7
\BOOKMARK [2][-]{subsection*.8}{\376\377\000G\000a\000u\000s\000s\000i\000a\000n\000\040\000G\000r\000a\000p\000h\000i\000c\000a\000l\000\040\000M\000o\000d\000e\000l\000s}{section*.5}% 8
\BOOKMARK [2][-]{subsection*.9}{\376\377\000T\000h\000e\000\040\000n\000o\000n\000p\000a\000r\000a\000n\000o\000r\000m\000a\000l\000\040\000t\000r\000a\000n\000s\000f\000o\000r\000m\000a\000t\000i\000o\000n}{section*.5}% 9
\BOOKMARK [2][-]{subsection*.10}{\376\377\000H\000i\000e\000r\000a\000r\000c\000h\000i\000c\000a\000l\000\040\000c\000l\000u\000s\000t\000e\000r\000i\000n\000g\000\040\000o\000f\000\040\000R\000N\000A\000-\000S\000e\000q\000\040\000d\000a\000t\000a}{section*.5}% 10
\BOOKMARK [2][-]{subsection*.11}{\376\377\000N\000e\000t\000w\000o\000r\000k\000\040\000e\000x\000t\000r\000a\000c\000t\000i\000o\000n}{section*.5}% 11
\BOOKMARK [2][-]{subsection*.16}{\376\377\000N\000e\000t\000w\000o\000r\000k\000\040\000v\000i\000s\000u\000a\000l\000i\000z\000a\000t\000i\000o\000n}{section*.5}% 12
\BOOKMARK [2][-]{subsection*.17}{\376\377\000N\000e\000t\000w\000o\000r\000k\000\040\000a\000n\000a\000l\000y\000s\000i\000s}{section*.5}% 13
\BOOKMARK [1][-]{section*.18}{\376\377\000R\000e\000s\000u\000l\000t\000s}{}% 14
\BOOKMARK [2][-]{subsection*.19}{\376\377\000H\000i\000e\000r\000a\000r\000c\000h\000i\000c\000a\000l\000\040\000c\000l\000u\000s\000t\000e\000r\000i\000n\000g\000\040\000o\000f\000\040\000R\000N\000A\000-\000S\000e\000q\000\040\000d\000a\000t\000a}{section*.18}% 15
\BOOKMARK [2][-]{subsection*.21}{\376\377\000N\000e\000t\000w\000o\000r\000k\000\040\000E\000x\000t\000r\000a\000c\000t\000i\000o\000n}{section*.18}% 16
\BOOKMARK [2][-]{subsection*.22}{\376\377\000N\000e\000t\000w\000o\000r\000k\000\040\000V\000i\000s\000u\000a\000l\000i\000z\000a\000t\000i\000o\000n}{section*.18}% 17
\BOOKMARK [2][-]{subsection*.24}{\376\377\000N\000e\000t\000w\000o\000r\000k\000\040\000A\000n\000a\000l\000y\000s\000i\000s}{section*.18}% 18
\BOOKMARK [2][-]{subsection*.25}{\376\377\000E\000n\000d\000o\000d\000e\000r\000m}{section*.18}% 19
\BOOKMARK [2][-]{subsection*.34}{\376\377\000M\000e\000s\000o\000d\000e\000r\000m}{section*.18}% 20
\BOOKMARK [2][-]{subsection*.39}{\376\377\000E\000c\000t\000o\000d\000e\000r\000m}{section*.18}% 21
\BOOKMARK [1][-]{section*.44}{\376\377\000D\000i\000s\000c\000u\000s\000s\000i\000o\000n}{}% 22
\BOOKMARK [1][-]{section*.45}{\376\377\000C\000o\000n\000c\000l\000u\000s\000i\000o\000n\000s}{}% 23
\BOOKMARK [1][-]{section*.46}{\376\377\000A\000v\000a\000i\000l\000a\000b\000i\000l\000i\000t\000y\000\040\000o\000f\000\040\000D\000a\000t\000a\000\040\000a\000n\000d\000\040\000M\000a\000t\000e\000r\000i\000a\000l\000s}{}% 24
\BOOKMARK [1][-]{section*.47}{\376\377\000L\000i\000s\000t\000\040\000o\000f\000\040\000A\000b\000b\000r\000e\000v\000i\000a\000t\000i\000o\000n\000s}{}% 25
\BOOKMARK [1][-]{section*.48}{\376\377\000S\000u\000p\000p\000l\000e\000m\000e\000n\000t\000a\000r\000y\000\040\000M\000a\000t\000e\000r\000i\000a\000l\000s}{}% 26
\BOOKMARK [2][-]{subsection*.49}{\376\377\000E\000x\000t\000r\000a\000c\000t\000e\000d\000\040\000g\000e\000n\000e\000s}{section*.48}% 27
\BOOKMARK [2][-]{subsection*.56}{\376\377\000S\000u\000p\000p\000l\000e\000m\000e\000n\000t\000a\000r\000y\000\040\000p\000l\000o\000t\000s}{section*.48}% 28
\BOOKMARK [2][-]{subsection*.59}{\376\377\000D\000i\000f\000f\000e\000r\000e\000n\000t\000i\000a\000l\000\040\000n\000e\000t\000w\000o\000r\000k\000s}{section*.48}% 29
\BOOKMARK [2][-]{subsection*.63}{\376\377\000C\000o\000m\000m\000u\000n\000i\000t\000y\000\040\000d\000e\000t\000e\000c\000t\000i\000o\000n}{section*.48}% 30
\BOOKMARK [2][-]{subsection*.72}{\376\377\000N\000e\000t\000w\000o\000r\000k\000\040\000a\000n\000a\000l\000y\000s\000i\000s}{section*.48}% 31
