This is pdfTeX, Version 3.141592653-2.6-1.40.24 (MiKTeX 22.10) (preloaded format=pdflatex 2023.9.21)  7 MAR 2024 02:54
entering extended mode
 restricted \write18 enabled.
 file:line:error style messages enabled.
 %&-line parsing enabled.
**c:/Users/PRACA/Desktop/RP/Methylation_networks/Paper/template/article.tex
(c:/Users/PRACA/Desktop/RP/Methylation_networks/Paper/template/article.tex
LaTeX2e <2022-06-01> patch level 5
L3 programming layer <2022-09-28> (LTJournalArticle.cls
Document Class: LTJournalArticle 2023/02/07 LaTeX Templates Journal Article Class v2.0
(C:\Users\PRACA\AppData\Local\Programs\MiKTeX\tex/latex/etoolbox\etoolbox.sty
Package: etoolbox 2020/10/05 v2.5k e-TeX tools for LaTeX (JAW)
\etb@tempcnta=\count185
) (C:\Users\PRACA\AppData\Local\Programs\MiKTeX\tex/latex/base\article.cls
Document Class: article 2021/10/04 v1.4n Standard LaTeX document class
(C:\Users\PRACA\AppData\Local\Programs\MiKTeX\tex/latex/base\size10.clo
File: size10.clo 2021/10/04 v1.4n Standard LaTeX file (size option)
)
\c@part=\count186
\c@section=\count187
\c@subsection=\count188
\c@subsubsection=\count189
\c@paragraph=\count190
\c@subparagraph=\count191
\c@figure=\count192
\c@table=\count193
\abovecaptionskip=\skip47
\belowcaptionskip=\skip48
\bibindent=\dimen138
) (C:\Users\PRACA\AppData\Local\Programs\MiKTeX\tex/latex/graphics\graphicx.sty
Package: graphicx 2021/09/16 v1.2d Enhanced LaTeX Graphics (DPC,SPQR)
 (C:\Users\PRACA\AppData\Local\Programs\MiKTeX\tex/latex/graphics\keyval.sty
Package: keyval 2022/05/29 v1.15 key=value parser (DPC)
\KV@toks@=\toks16
) (C:\Users\PRACA\AppData\Local\Programs\MiKTeX\tex/latex/graphics\graphics.sty
Package: graphics 2022/03/10 v1.4e Standard LaTeX Graphics (DPC,SPQR)
 (C:\Users\PRACA\AppData\Local\Programs\MiKTeX\tex/latex/graphics\trig.sty
Package: trig 2021/08/11 v1.11 sin cos tan (DPC)
) (C:\Users\PRACA\AppData\Local\Programs\MiKTeX\tex/latex/graphics-cfg\graphics.cfg
File: graphics.cfg 2016/06/04 v1.11 sample graphics configuration
)
Package graphics Info: Driver file: pdftex.def on input line 107.
 (C:\Users\PRACA\AppData\Local\Programs\MiKTeX\tex/latex/graphics-def\pdftex.def
File: pdftex.def 2022/09/22 v1.2b Graphics/color driver for pdftex
\stockwidth=\dimen139
\stockheight=\dimen140
))
\Gin@req@height=\dimen141
\Gin@req@width=\dimen142
) (C:\Users\PRACA\AppData\Local\Programs\MiKTeX\tex/latex/footmisc\footmisc.sty
Package: footmisc 2023/07/05 v6.0f a miscellany of footnote facilities
\FN@temptoken=\toks17
\footnotemargin=\dimen143
\@outputbox@depth=\dimen144
Package footmisc Info: Declaring symbol style bringhurst on input line 696.
Package footmisc Info: Declaring symbol style chicago on input line 704.
Package footmisc Info: Declaring symbol style wiley on input line 713.
Package footmisc Info: Declaring symbol style lamport-robust on input line 724.
Package footmisc Info: Declaring symbol style lamport* on input line 744.
Package footmisc Info: Declaring symbol style lamport*-robust on input line 765.
) (C:\Users\PRACA\AppData\Local\Programs\MiKTeX\tex/latex/geometry\geometry.sty
Package: geometry 2020/01/02 v5.9 Page Geometry
 (C:\Users\PRACA\AppData\Local\Programs\MiKTeX\tex/generic/iftex\ifvtex.sty
Package: ifvtex 2019/10/25 v1.7 ifvtex legacy package. Use iftex instead.
 (C:\Users\PRACA\AppData\Local\Programs\MiKTeX\tex/generic/iftex\iftex.sty
Package: iftex 2022/02/03 v1.0f TeX engine tests
))
\Gm@cnth=\count194
\Gm@cntv=\count195
\c@Gm@tempcnt=\count196
\Gm@bindingoffset=\dimen145
\Gm@wd@mp=\dimen146
\Gm@odd@mp=\dimen147
\Gm@even@mp=\dimen148
\Gm@layoutwidth=\dimen149
\Gm@layoutheight=\dimen150
\Gm@layouthoffset=\dimen151
\Gm@layoutvoffset=\dimen152
\Gm@dimlist=\toks18
 (C:\Users\PRACA\AppData\Local\Programs\MiKTeX\tex/latex/geometry\geometry.cfg)) (C:\Users\PRACA\AppData\Local\Programs\MiKTeX\tex/latex/base\inputenc.sty
Package: inputenc 2021/02/14 v1.3d Input encoding file
\inpenc@prehook=\toks19
\inpenc@posthook=\toks20
) (C:\Users\PRACA\AppData\Local\Programs\MiKTeX\tex/latex/base\fontenc.sty
Package: fontenc 2021/04/29 v2.0v Standard LaTeX package
) (C:\Users\PRACA\AppData\Local\Programs\MiKTeX\tex/latex/psnfss\mathpazo.sty
Package: mathpazo 2020/03/25 PSNFSS-v9.3 Palatino w/ Pazo Math (D.Puga, WaS) 
\symupright=\mathgroup4
) (C:\Users\PRACA\AppData\Local\Programs\MiKTeX\tex/latex/microtype\microtype.sty
Package: microtype 2023/03/13 v3.1a Micro-typographical refinements (RS)
\MT@toks=\toks21
\MT@tempbox=\box51
\MT@count=\count197
LaTeX Info: Redefining \noprotrusionifhmode on input line 1059.
LaTeX Info: Redefining \leftprotrusion on input line 1060.
\MT@prot@toks=\toks22
LaTeX Info: Redefining \rightprotrusion on input line 1078.
LaTeX Info: Redefining \textls on input line 1368.
\MT@outer@kern=\dimen153
LaTeX Info: Redefining \textmicrotypecontext on input line 1988.
\MT@listname@count=\count198
 (C:\Users\PRACA\AppData\Local\Programs\MiKTeX\tex/latex/microtype\microtype-pdftex.def
File: microtype-pdftex.def 2023/03/13 v3.1a Definitions specific to pdftex (RS)
LaTeX Info: Redefining \lsstyle on input line 902.
LaTeX Info: Redefining \lslig on input line 902.
\MT@outer@space=\skip49
)
Package microtype Info: Loading configuration file microtype.cfg.
 (C:\Users\PRACA\AppData\Local\Programs\MiKTeX\tex/latex/microtype\microtype.cfg
File: microtype.cfg 2023/03/13 v3.1a microtype main configuration file (RS)
)) (C:\Users\PRACA\AppData\Local\Programs\MiKTeX\tex/latex/fancyhdr\fancyhdr.sty
Package: fancyhdr 2022/11/09 v4.1 Extensive control of page headers and footers
\f@nch@headwidth=\skip50
\f@nch@O@elh=\skip51
\f@nch@O@erh=\skip52
\f@nch@O@olh=\skip53
\f@nch@O@orh=\skip54
\f@nch@O@elf=\skip55
\f@nch@O@erf=\skip56
\f@nch@O@olf=\skip57
\f@nch@O@orf=\skip58
) (C:\Users\PRACA\AppData\Local\Programs\MiKTeX\tex/latex/titlesec\titlesec.sty
Package: titlesec 2023/10/27 v2.16 Sectioning titles
\ttl@box=\box52
\beforetitleunit=\skip59
\aftertitleunit=\skip60
\ttl@plus=\dimen154
\ttl@minus=\dimen155
\ttl@toksa=\toks23
\titlewidth=\dimen156
\titlewidthlast=\dimen157
\titlewidthfirst=\dimen158
) (C:\Users\PRACA\AppData\Local\Programs\MiKTeX\tex/latex/titling\titling.sty
Package: titling 2009/09/04 v2.1d maketitle typesetting
\thanksmarkwidth=\skip61
\thanksmargin=\skip62
\droptitle=\skip63
) (C:\Users\PRACA\AppData\Local\Programs\MiKTeX\tex/latex/abstract\abstract.sty
Package: abstract 2009/06/08 v1.2a configurable abstracts
\abstitleskip=\skip64
\absleftindent=\skip65
\absrightindent=\skip66
\absparindent=\skip67
\absparsep=\skip68
) (C:\Users\PRACA\AppData\Local\Programs\MiKTeX\tex/latex/biblatex\biblatex.sty
Package: biblatex 2022/07/12 v3.18b programmable bibliographies (PK/MW)
 (C:\Users\PRACA\AppData\Local\Programs\MiKTeX\tex/generic/pdftexcmds\pdftexcmds.sty
Package: pdftexcmds 2020-06-27 v0.33 Utility functions of pdfTeX for LuaTeX (HO)
 (C:\Users\PRACA\AppData\Local\Programs\MiKTeX\tex/generic/infwarerr\infwarerr.sty
Package: infwarerr 2019/12/03 v1.5 Providing info/warning/error messages (HO)
) (C:\Users\PRACA\AppData\Local\Programs\MiKTeX\tex/generic/ltxcmds\ltxcmds.sty
Package: ltxcmds 2023-12-04 v1.26 LaTeX kernel commands for general use (HO)
)
Package pdftexcmds Info: \pdf@primitive is available.
Package pdftexcmds Info: \pdf@ifprimitive is available.
Package pdftexcmds Info: \pdfdraftmode found.
) (C:\Users\PRACA\AppData\Local\Programs\MiKTeX\tex/latex/kvoptions\kvoptions.sty
Package: kvoptions 2022-06-15 v3.15 Key value format for package options (HO)
 (C:\Users\PRACA\AppData\Local\Programs\MiKTeX\tex/latex/kvsetkeys\kvsetkeys.sty
Package: kvsetkeys 2022-10-05 v1.19 Key value parser (HO)
)) (C:\Users\PRACA\AppData\Local\Programs\MiKTeX\tex/latex/logreq\logreq.sty
Package: logreq 2010/08/04 v1.0 xml request logger
\lrq@indent=\count199
 (C:\Users\PRACA\AppData\Local\Programs\MiKTeX\tex/latex/logreq\logreq.def
File: logreq.def 2010/08/04 v1.0 logreq spec v1.0
)) (C:\Users\PRACA\AppData\Local\Programs\MiKTeX\tex/latex/base\ifthen.sty
Package: ifthen 2022/04/13 v1.1d Standard LaTeX ifthen package (DPC)
) (C:\Users\PRACA\AppData\Local\Programs\MiKTeX\tex/latex/url\url.sty
\Urlmuskip=\muskip16
Package: url 2013/09/16  ver 3.4  Verb mode for urls, etc.
)
\c@tabx@nest=\count266
\c@listtotal=\count267
\c@listcount=\count268
\c@liststart=\count269
\c@liststop=\count270
\c@citecount=\count271
\c@citetotal=\count272
\c@multicitecount=\count273
\c@multicitetotal=\count274
\c@instcount=\count275
\c@maxnames=\count276
\c@minnames=\count277
\c@maxitems=\count278
\c@minitems=\count279
\c@citecounter=\count280
\c@maxcitecounter=\count281
\c@savedcitecounter=\count282
\c@uniquelist=\count283
\c@uniquename=\count284
\c@refsection=\count285
\c@refsegment=\count286
\c@maxextratitle=\count287
\c@maxextratitleyear=\count288
\c@maxextraname=\count289
\c@maxextradate=\count290
\c@maxextraalpha=\count291
\c@abbrvpenalty=\count292
\c@highnamepenalty=\count293
\c@lownamepenalty=\count294
\c@maxparens=\count295
\c@parenlevel=\count296
\blx@tempcnta=\count297
\blx@tempcntb=\count298
\blx@tempcntc=\count299
\c@blx@maxsection=\count300
\blx@maxsegment@0=\count301
\blx@notetype=\count302
\blx@parenlevel@text=\count303
\blx@parenlevel@foot=\count304
\blx@sectionciteorder@0=\count305
\blx@sectionciteorderinternal@0=\count306
\blx@entrysetcounter=\count307
\blx@biblioinstance=\count308
\labelnumberwidth=\skip69
\labelalphawidth=\skip70
\biblabelsep=\skip71
\bibitemsep=\skip72
\bibnamesep=\skip73
\bibinitsep=\skip74
\bibparsep=\skip75
\bibhang=\skip76
\blx@bcfin=\read2
\blx@bcfout=\write3
\blx@langwohyphens=\language79
\c@mincomprange=\count309
\c@maxcomprange=\count310
\c@mincompwidth=\count311
Package biblatex Info: Trying to load biblatex default data model...
Package biblatex Info: ... file 'blx-dm.def' found.
 (C:\Users\PRACA\AppData\Local\Programs\MiKTeX\tex/latex/biblatex\blx-dm.def
File: blx-dm.def 2022/07/12 v3.18b biblatex localization (PK/MW)
)
Package biblatex Info: Trying to load biblatex citestyle data model...
Package biblatex Info: ... file 'numeric.dbx' not found.
Package biblatex Info: Trying to load biblatex custom data model...
Package biblatex Info: ... file 'biblatex-dm.cfg' not found.
\c@afterword=\count312
\c@savedafterword=\count313
\c@annotator=\count314
\c@savedannotator=\count315
\c@author=\count316
\c@savedauthor=\count317
\c@bookauthor=\count318
\c@savedbookauthor=\count319
\c@commentator=\count320
\c@savedcommentator=\count321
\c@editor=\count322
\c@savededitor=\count323
\c@editora=\count324
\c@savededitora=\count325
\c@editorb=\count326
\c@savededitorb=\count327
\c@editorc=\count328
\c@savededitorc=\count329
\c@foreword=\count330
\c@savedforeword=\count331
\c@holder=\count332
\c@savedholder=\count333
\c@introduction=\count334
\c@savedintroduction=\count335
\c@namea=\count336
\c@savednamea=\count337
\c@nameb=\count338
\c@savednameb=\count339
\c@namec=\count340
\c@savednamec=\count341
\c@translator=\count342
\c@savedtranslator=\count343
\c@shortauthor=\count344
\c@savedshortauthor=\count345
\c@shorteditor=\count346
\c@savedshorteditor=\count347
\c@labelname=\count348
\c@savedlabelname=\count349
\c@institution=\count350
\c@savedinstitution=\count351
\c@lista=\count352
\c@savedlista=\count353
\c@listb=\count354
\c@savedlistb=\count355
\c@listc=\count356
\c@savedlistc=\count357
\c@listd=\count358
\c@savedlistd=\count359
\c@liste=\count360
\c@savedliste=\count361
\c@listf=\count362
\c@savedlistf=\count363
\c@location=\count364
\c@savedlocation=\count365
\c@organization=\count366
\c@savedorganization=\count367
\c@origlocation=\count368
\c@savedoriglocation=\count369
\c@origpublisher=\count370
\c@savedorigpublisher=\count371
\c@publisher=\count372
\c@savedpublisher=\count373
\c@language=\count374
\c@savedlanguage=\count375
\c@origlanguage=\count376
\c@savedoriglanguage=\count377
\c@pageref=\count378
\c@savedpageref=\count379
\shorthandwidth=\skip77
\shortjournalwidth=\skip78
\shortserieswidth=\skip79
\shorttitlewidth=\skip80
\shortauthorwidth=\skip81
\shorteditorwidth=\skip82
\locallabelnumberwidth=\skip83
\locallabelalphawidth=\skip84
\localshorthandwidth=\skip85
\localshortjournalwidth=\skip86
\localshortserieswidth=\skip87
\localshorttitlewidth=\skip88
\localshortauthorwidth=\skip89
\localshorteditorwidth=\skip90
Package biblatex Info: Trying to load compatibility code...
Package biblatex Info: ... file 'blx-compat.def' found.
 (C:\Users\PRACA\AppData\Local\Programs\MiKTeX\tex/latex/biblatex\blx-compat.def
File: blx-compat.def 2022/07/12 v3.18b biblatex compatibility (PK/MW)
)
Package biblatex Info: Trying to load generic definitions...
Package biblatex Info: ... file 'biblatex.def' found.
 (C:\Users\PRACA\AppData\Local\Programs\MiKTeX\tex/latex/biblatex\biblatex.def
File: biblatex.def 2022/07/12 v3.18b biblatex compatibility (PK/MW)
\c@textcitecount=\count380
\c@textcitetotal=\count381
\c@textcitemaxnames=\count382
\c@biburlbigbreakpenalty=\count383
\c@biburlbreakpenalty=\count384
\c@biburlnumpenalty=\count385
\c@biburlucpenalty=\count386
\c@biburllcpenalty=\count387
\biburlbigskip=\muskip17
\biburlnumskip=\muskip18
\biburlucskip=\muskip19
\biburllcskip=\muskip20
\c@smartand=\count388
)
Package biblatex Info: Trying to load bibliography style 'numeric'...
Package biblatex Info: ... file 'numeric.bbx' found.
 (C:\Users\PRACA\AppData\Local\Programs\MiKTeX\tex/latex/biblatex/bbx\numeric.bbx
File: numeric.bbx 2022/07/12 v3.18b biblatex bibliography style (PK/MW)
Package biblatex Info: Trying to load bibliography style 'standard'...
Package biblatex Info: ... file 'standard.bbx' found.
 (C:\Users\PRACA\AppData\Local\Programs\MiKTeX\tex/latex/biblatex/bbx\standard.bbx
File: standard.bbx 2022/07/12 v3.18b biblatex bibliography style (PK/MW)
\c@bbx:relatedcount=\count389
\c@bbx:relatedtotal=\count390
))
Package biblatex Info: Trying to load citation style 'numeric'...
Package biblatex Info: ... file 'numeric.cbx' found.
 (C:\Users\PRACA\AppData\Local\Programs\MiKTeX\tex/latex/biblatex/cbx\numeric.cbx
File: numeric.cbx 2022/07/12 v3.18b biblatex citation style (PK/MW)
Package biblatex Info: Redefining '\cite'.
Package biblatex Info: Redefining '\parencite'.
Package biblatex Info: Redefining '\footcite'.
Package biblatex Info: Redefining '\footcitetext'.
Package biblatex Info: Redefining '\smartcite'.
Package biblatex Info: Redefining '\supercite'.
Package biblatex Info: Redefining '\textcite'.
Package biblatex Info: Redefining '\textcites'.
Package biblatex Info: Redefining '\cites'.
Package biblatex Info: Redefining '\parencites'.
Package biblatex Info: Redefining '\smartcites'.
)
Package biblatex Info: Trying to load configuration file...
Package biblatex Info: ... file 'biblatex.cfg' found.
 (C:\Users\PRACA\AppData\Local\Programs\MiKTeX\tex/latex/biblatex\biblatex.cfg
File: biblatex.cfg 
)
Package biblatex Info: Input encoding 'utf8' detected.
Package biblatex Info: Document encoding is UTF8 ....
 (C:\Users\PRACA\AppData\Local\Programs\MiKTeX\tex/latex/l3kernel\expl3.sty
Package: expl3 2022-09-28 L3 programming layer (loader) 
 (C:\Users\PRACA\AppData\Local\Programs\MiKTeX\tex/latex/l3backend\l3backend-pdftex.def
File: l3backend-pdftex.def 2022-09-28 L3 backend support: PDF output (pdfTeX)
\l__color_backend_stack_int=\count391
\l__pdf_internal_box=\box53
))
Package biblatex Info: ... and expl3
(biblatex)             2022-09-28 L3 programming layer (loader) 
(biblatex)             is new enough (at least 2020/04/06),
(biblatex)             setting 'casechanger=expl3'.
 (C:\Users\PRACA\AppData\Local\Programs\MiKTeX\tex/latex/biblatex\blx-case-expl3.sty (C:\Users\PRACA\AppData\Local\Programs\MiKTeX\tex/latex/l3packages/xparse\xparse.sty
Package: xparse 2022-06-22 L3 Experimental document command parser
)
Package: blx-case-expl3 2022/07/12 v3.18b expl3 case changing code for biblatex
)) (C:\Users\PRACA\AppData\Local\Programs\MiKTeX\tex/latex/booktabs\booktabs.sty
Package: booktabs 2020/01/12 v1.61803398 Publication quality tables
\heavyrulewidth=\dimen159
\lightrulewidth=\dimen160
\cmidrulewidth=\dimen161
\belowrulesep=\dimen162
\belowbottomsep=\dimen163
\aboverulesep=\dimen164
\abovetopsep=\dimen165
\cmidrulesep=\dimen166
\cmidrulekern=\dimen167
\defaultaddspace=\dimen168
\@cmidla=\count392
\@cmidlb=\count393
\@aboverulesep=\dimen169
\@belowrulesep=\dimen170
\@thisruleclass=\count394
\@lastruleclass=\count395
\@thisrulewidth=\dimen171
) (C:\Users\PRACA\AppData\Local\Programs\MiKTeX\tex/latex/tools\array.sty
Package: array 2022/03/10 v2.5f Tabular extension package (FMi)
\col@sep=\dimen172
\ar@mcellbox=\box54
\extrarowheight=\dimen173
\NC@list=\toks24
\extratabsurround=\skip91
\backup@length=\skip92
\ar@cellbox=\box55
) (C:\Users\PRACA\AppData\Local\Programs\MiKTeX\tex/latex/caption\caption.sty
Package: caption 2023/08/05 v3.6o Customizing captions (AR)
 (C:\Users\PRACA\AppData\Local\Programs\MiKTeX\tex/latex/caption\caption3.sty
Package: caption3 2023/07/31 v2.4d caption3 kernel (AR)
\caption@tempdima=\dimen174
\captionmargin=\dimen175
\caption@leftmargin=\dimen176
\caption@rightmargin=\dimen177
\caption@width=\dimen178
\caption@indent=\dimen179
\caption@parindent=\dimen180
\caption@hangindent=\dimen181
Package caption Info: Standard document class detected.
)
\c@caption@flags=\count396
\c@continuedfloat=\count397
) (C:\Users\PRACA\AppData\Local\Programs\MiKTeX\tex/latex/enumitem\enumitem.sty
Package: enumitem 2019/06/20 v3.9 Customized lists
\labelindent=\skip93
\enit@outerparindent=\dimen182
\enit@toks=\toks25
\enit@inbox=\box56
\enit@count@id=\count398
\enitdp@description=\count399
) (C:\Users\PRACA\AppData\Local\Programs\MiKTeX\tex/latex/hyperref\hyperref.sty
Package: hyperref 2022-09-22 v7.00t Hypertext links for LaTeX
 (C:\Users\PRACA\AppData\Local\Programs\MiKTeX\tex/generic/kvdefinekeys\kvdefinekeys.sty
Package: kvdefinekeys 2019-12-19 v1.6 Define keys (HO)
) (C:\Users\PRACA\AppData\Local\Programs\MiKTeX\tex/generic/pdfescape\pdfescape.sty
Package: pdfescape 2019/12/09 v1.15 Implements pdfTeX's escape features (HO)
) (C:\Users\PRACA\AppData\Local\Programs\MiKTeX\tex/latex/hycolor\hycolor.sty
Package: hycolor 2020-01-27 v1.10 Color options for hyperref/bookmark (HO)
) (C:\Users\PRACA\AppData\Local\Programs\MiKTeX\tex/latex/letltxmacro\letltxmacro.sty
Package: letltxmacro 2019/12/03 v1.6 Let assignment for LaTeX macros (HO)
) (C:\Users\PRACA\AppData\Local\Programs\MiKTeX\tex/latex/auxhook\auxhook.sty
Package: auxhook 2019-12-17 v1.6 Hooks for auxiliary files (HO)
) (C:\Users\PRACA\AppData\Local\Programs\MiKTeX\tex/latex/hyperref\nameref.sty
Package: nameref 2022-05-17 v2.50 Cross-referencing by name of section
 (C:\Users\PRACA\AppData\Local\Programs\MiKTeX\tex/latex/refcount\refcount.sty
Package: refcount 2019/12/15 v3.6 Data extraction from label references (HO)
) (C:\Users\PRACA\AppData\Local\Programs\MiKTeX\tex/generic/gettitlestring\gettitlestring.sty
Package: gettitlestring 2019/12/15 v1.6 Cleanup title references (HO)
)
\c@section@level=\count400
)
\@linkdim=\dimen183
\Hy@linkcounter=\count401
\Hy@pagecounter=\count402
 (C:\Users\PRACA\AppData\Local\Programs\MiKTeX\tex/latex/hyperref\pd1enc.def
File: pd1enc.def 2022-09-22 v7.00t Hyperref: PDFDocEncoding definition (HO)
Now handling font encoding PD1 ...
... no UTF-8 mapping file for font encoding PD1
) (C:\Users\PRACA\AppData\Local\Programs\MiKTeX\tex/generic/intcalc\intcalc.sty
Package: intcalc 2019/12/15 v1.3 Expandable calculations with integers (HO)
) (C:\Users\PRACA\AppData\Local\Programs\MiKTeX\tex/generic/etexcmds\etexcmds.sty
Package: etexcmds 2019/12/15 v1.7 Avoid name clashes with e-TeX commands (HO)
)
\Hy@SavedSpaceFactor=\count403
 (C:\Users\PRACA\AppData\Local\Programs\MiKTeX\tex/latex/hyperref\puenc.def
File: puenc.def 2022-09-22 v7.00t Hyperref: PDF Unicode definition (HO)
Now handling font encoding PU ...
... no UTF-8 mapping file for font encoding PU
)
Package hyperref Info: Hyper figures OFF on input line 4162.
Package hyperref Info: Link nesting OFF on input line 4167.
Package hyperref Info: Hyper index ON on input line 4170.
Package hyperref Info: Plain pages OFF on input line 4177.
Package hyperref Info: Backreferencing OFF on input line 4182.
Package hyperref Info: Implicit mode ON; LaTeX internals redefined.
Package hyperref Info: Bookmarks ON on input line 4410.
\c@Hy@tempcnt=\count404
LaTeX Info: Redefining \url on input line 4748.
\XeTeXLinkMargin=\dimen184
 (C:\Users\PRACA\AppData\Local\Programs\MiKTeX\tex/generic/bitset\bitset.sty
Package: bitset 2019/12/09 v1.3 Handle bit-vector datatype (HO)
 (C:\Users\PRACA\AppData\Local\Programs\MiKTeX\tex/generic/bigintcalc\bigintcalc.sty
Package: bigintcalc 2019/12/15 v1.5 Expandable calculations on big integers (HO)
))
\Fld@menulength=\count405
\Field@Width=\dimen185
\Fld@charsize=\dimen186
Package hyperref Info: Hyper figures OFF on input line 6027.
Package hyperref Info: Link nesting OFF on input line 6032.
Package hyperref Info: Hyper index ON on input line 6035.
Package hyperref Info: backreferencing OFF on input line 6042.
Package hyperref Info: Link coloring OFF on input line 6047.
Package hyperref Info: Link coloring with OCG OFF on input line 6052.
Package hyperref Info: PDF/A mode OFF on input line 6057.
 (C:\Users\PRACA\AppData\Local\Programs\MiKTeX\tex/latex/base\atbegshi-ltx.sty
Package: atbegshi-ltx 2021/01/10 v1.0c Emulation of the original atbegshi
package with kernel methods
)
\Hy@abspage=\count406
\c@Item=\count407
\c@Hfootnote=\count408
)
Package hyperref Info: Driver (autodetected): hpdftex.
 (C:\Users\PRACA\AppData\Local\Programs\MiKTeX\tex/latex/hyperref\hpdftex.def
File: hpdftex.def 2022-09-22 v7.00t Hyperref driver for pdfTeX
 (C:\Users\PRACA\AppData\Local\Programs\MiKTeX\tex/latex/base\atveryend-ltx.sty
Package: atveryend-ltx 2020/08/19 v1.0a Emulation of the original atveryend package
with kernel methods
)
\Fld@listcount=\count409
\c@bookmark@seq@number=\count410
 (C:\Users\PRACA\AppData\Local\Programs\MiKTeX\tex/latex/rerunfilecheck\rerunfilecheck.sty
Package: rerunfilecheck 2022-07-10 v1.10 Rerun checks for auxiliary files (HO)
 (C:\Users\PRACA\AppData\Local\Programs\MiKTeX\tex/generic/uniquecounter\uniquecounter.sty
Package: uniquecounter 2019/12/15 v1.4 Provide unlimited unique counter (HO)
)
Package uniquecounter Info: New unique counter `rerunfilecheck' on input line 285.
)
\Hy@SectionHShift=\skip94
)
Package hyperref Info: Option `colorlinks' set `true' on input line 213.
) (C:\Users\PRACA\AppData\Local\Programs\MiKTeX\tex/latex/amsmath\amsmath.sty
Package: amsmath 2022/04/08 v2.17n AMS math features
\@mathmargin=\skip95

For additional information on amsmath, use the `?' option.
(C:\Users\PRACA\AppData\Local\Programs\MiKTeX\tex/latex/amsmath\amstext.sty
Package: amstext 2021/08/26 v2.01 AMS text
 (C:\Users\PRACA\AppData\Local\Programs\MiKTeX\tex/latex/amsmath\amsgen.sty
File: amsgen.sty 1999/11/30 v2.0 generic functions
\@emptytoks=\toks26
\ex@=\dimen187
)) (C:\Users\PRACA\AppData\Local\Programs\MiKTeX\tex/latex/amsmath\amsbsy.sty
Package: amsbsy 1999/11/29 v1.2d Bold Symbols
\pmbraise@=\dimen188
) (C:\Users\PRACA\AppData\Local\Programs\MiKTeX\tex/latex/amsmath\amsopn.sty
Package: amsopn 2022/04/08 v2.04 operator names
)
\inf@bad=\count411
LaTeX Info: Redefining \frac on input line 234.
\uproot@=\count412
\leftroot@=\count413
LaTeX Info: Redefining \overline on input line 399.
LaTeX Info: Redefining \colon on input line 410.
\classnum@=\count414
\DOTSCASE@=\count415
LaTeX Info: Redefining \ldots on input line 496.
LaTeX Info: Redefining \dots on input line 499.
LaTeX Info: Redefining \cdots on input line 620.
\Mathstrutbox@=\box57
\strutbox@=\box58
LaTeX Info: Redefining \big on input line 722.
LaTeX Info: Redefining \Big on input line 723.
LaTeX Info: Redefining \bigg on input line 724.
LaTeX Info: Redefining \Bigg on input line 725.
\big@size=\dimen189
LaTeX Font Info:    Redeclaring font encoding OML on input line 743.
LaTeX Font Info:    Redeclaring font encoding OMS on input line 744.
\macc@depth=\count416
LaTeX Info: Redefining \bmod on input line 905.
LaTeX Info: Redefining \pmod on input line 910.
LaTeX Info: Redefining \smash on input line 940.
LaTeX Info: Redefining \relbar on input line 970.
LaTeX Info: Redefining \Relbar on input line 971.
\c@MaxMatrixCols=\count417
\dotsspace@=\muskip21
\c@parentequation=\count418
\dspbrk@lvl=\count419
\tag@help=\toks27
\row@=\count420
\column@=\count421
\maxfields@=\count422
\andhelp@=\toks28
\eqnshift@=\dimen190
\alignsep@=\dimen191
\tagshift@=\dimen192
\tagwidth@=\dimen193
\totwidth@=\dimen194
\lineht@=\dimen195
\@envbody=\toks29
\multlinegap=\skip96
\multlinetaggap=\skip97
\mathdisplay@stack=\toks30
LaTeX Info: Redefining \[ on input line 2953.
LaTeX Info: Redefining \] on input line 2954.
) (C:\Users\PRACA\AppData\Local\Programs\MiKTeX\tex/latex/blkarray\blkarray.sty
Package: blkarray 2015/02/27 v0.07 Block array (dpc)
\c@BAenumi=\count423
\BA@col=\count424
\BA@block@cnt=\count425
\BA@final@box=\box59
\BA@first@box=\box60
\BA@colsep=\dimen196
\BA@ftn=\toks31
\BAextrarowheight=\dimen197
\BAextraheightafterhline=\dimen198
\BAarrayrulewidth=\dimen199
\BAdoublerulesep=\dimen256
\BAfootskip=\dimen257
\BA@dashbox=\box61
\BA@ddashbox=\box62
) (C:\Users\PRACA\AppData\Local\Programs\MiKTeX\tex/latex/tools\bm.sty
Package: bm 2022/01/05 v1.2f Bold Symbol Support (DPC/FMi)
\symboldoperators=\mathgroup5
\symboldletters=\mathgroup6
\symboldsymbols=\mathgroup7
Package bm Info: No bold for \OMX/zplm/m/n, using \pmb.
\symboldupright=\mathgroup8
LaTeX Font Info:    Redeclaring math alphabet \mathbf on input line 149.
) (C:\Users\PRACA\AppData\Local\Programs\MiKTeX\tex/latex/float\float.sty
Package: float 2001/11/08 v1.3d Float enhancements (AL)
\c@float@type=\count426
\float@exts=\toks32
\float@box=\box63
\@float@everytoks=\toks33
\@floatcapt=\box64
) (C:\Users\PRACA\AppData\Local\Programs\MiKTeX\tex/latex/colortbl\colortbl.sty
Package: colortbl 2022/06/20 v1.0f Color table columns (DPC)
 (C:\Users\PRACA\AppData\Local\Programs\MiKTeX\tex/latex/graphics\color.sty
Package: color 2022/01/06 v1.3d Standard LaTeX Color (DPC)
 (C:\Users\PRACA\AppData\Local\Programs\MiKTeX\tex/latex/graphics-cfg\color.cfg
File: color.cfg 2016/01/02 v1.6 sample color configuration
)
Package color Info: Driver file: pdftex.def on input line 149.
 (C:\Users\PRACA\AppData\Local\Programs\MiKTeX\tex/latex/graphics\mathcolor.ltx))
\everycr=\toks34
\minrowclearance=\skip98
\rownum=\count427
) (C:\Users\PRACA\AppData\Local\Programs\MiKTeX\tex/latex/pdflscape\pdflscape.sty
Package: pdflscape 2022-10-27 v0.13 Display of landscape pages in PDF
 (C:\Users\PRACA\AppData\Local\Programs\MiKTeX\tex/latex/pdflscape\pdflscape-nometadata.sty
Package: pdflscape-nometadata 2022-10-28 v0.13 Display of landscape pages in PDF (HO)
 (C:\Users\PRACA\AppData\Local\Programs\MiKTeX\tex/latex/graphics\lscape.sty
Package: lscape 2020/05/28 v3.02 Landscape Pages (DPC)
)
Package pdflscape Info: Auto-detected driver: pdftex on input line 81.
)) (C:\Users\PRACA\AppData\Local\Programs\MiKTeX\tex/latex/tools\longtable.sty
Package: longtable 2021-09-01 v4.17 Multi-page Table package (DPC)
\LTleft=\skip99
\LTright=\skip100
\LTpre=\skip101
\LTpost=\skip102
\LTchunksize=\count428
\LTcapwidth=\dimen258
\LT@head=\box65
\LT@firsthead=\box66
\LT@foot=\box67
\LT@lastfoot=\box68
\LT@gbox=\box69
\LT@cols=\count429
\LT@rows=\count430
\c@LT@tables=\count431
\c@LT@chunks=\count432
\LT@p@ftn=\toks35
) (C:\Users\PRACA\AppData\Local\Programs\MiKTeX\tex/latex/tools\afterpage.sty
Package: afterpage 2014/10/28 v1.08 After-Page Package (DPC)
\AP@output=\toks36
\AP@partial=\box70
\AP@footins=\box71
) (C:\Users\PRACA\AppData\Local\Programs\MiKTeX\tex/latex/threeparttable\threeparttable.sty
Package: threeparttable 2003/06/13  v 3.0
\@tempboxb=\box72
) (C:\Users\PRACA\AppData\Local\Programs\MiKTeX\tex/latex/tools\tabularx.sty
Package: tabularx 2020/01/15 v2.11c `tabularx' package (DPC)
\TX@col@width=\dimen259
\TX@old@table=\dimen260
\TX@old@col=\dimen261
\TX@target=\dimen262
\TX@delta=\dimen263
\TX@cols=\count433
\TX@ftn=\toks37
) (C:\Users\PRACA\AppData\Local\Programs\MiKTeX\tex/latex/xcolor\xcolor.sty
Package: xcolor 2022/06/12 v2.14 LaTeX color extensions (UK)
 (C:\Users\PRACA\AppData\Local\Programs\MiKTeX\tex/latex/graphics-cfg\color.cfg
File: color.cfg 2016/01/02 v1.6 sample color configuration
)
Package xcolor Info: Package option `usenames' ignored on input line 218.
Package xcolor Info: Driver file: pdftex.def on input line 227.
LaTeX Info: Redefining \color on input line 711.
 (C:\Users\PRACA\AppData\Local\Programs\MiKTeX\tex/latex/graphics\mathcolor.ltx)
Package xcolor Info: Model `cmy' substituted by `cmy0' on input line 1353.
Package xcolor Info: Model `hsb' substituted by `rgb' on input line 1357.
Package xcolor Info: Model `RGB' extended on input line 1369.
Package xcolor Info: Model `HTML' substituted by `rgb' on input line 1371.
Package xcolor Info: Model `Hsb' substituted by `hsb' on input line 1372.
Package xcolor Info: Model `tHsb' substituted by `hsb' on input line 1373.
Package xcolor Info: Model `HSB' substituted by `hsb' on input line 1374.
Package xcolor Info: Model `Gray' substituted by `gray' on input line 1375.
Package xcolor Info: Model `wave' substituted by `hsb' on input line 1376.
 (C:\Users\PRACA\AppData\Local\Programs\MiKTeX\tex/latex/graphics\dvipsnam.def
File: dvipsnam.def 2016/06/17 v3.0m Driver-dependent file (DPC,SPQR)
)) (C:\Users\PRACA\AppData\Local\Programs\MiKTeX\tex/latex/tools\multicol.sty
Package: multicol 2021/11/30 v1.9d multicolumn formatting (FMi)
\c@tracingmulticols=\count434
\mult@box=\box73
\multicol@leftmargin=\dimen264
\c@unbalance=\count435
\c@collectmore=\count436
\doublecol@number=\count437
\multicoltolerance=\count438
\multicolpretolerance=\count439
\full@width=\dimen265
\page@free=\dimen266
\premulticols=\dimen267
\postmulticols=\dimen268
\multicolsep=\skip103
\multicolbaselineskip=\skip104
\partial@page=\box74
\last@line=\box75
\maxbalancingoverflow=\dimen269
\mult@rightbox=\box76
\mult@grightbox=\box77
\mult@firstbox=\box78
\mult@gfirstbox=\box79
\@tempa=\box80
\@tempa=\box81
\@tempa=\box82
\@tempa=\box83
\@tempa=\box84
\@tempa=\box85
\@tempa=\box86
\@tempa=\box87
\@tempa=\box88
\@tempa=\box89
\@tempa=\box90
\@tempa=\box91
\@tempa=\box92
\@tempa=\box93
\@tempa=\box94
\@tempa=\box95
\@tempa=\box96
\@tempa=\box97
\@tempa=\box98
\@tempa=\box99
\@tempa=\box100
\@tempa=\box101
\@tempa=\box102
\@tempa=\box103
\@tempa=\box104
\@tempa=\box105
\@tempa=\box106
\@tempa=\box107
\@tempa=\box108
\@tempa=\box109
\@tempa=\box110
\@tempa=\box111
\@tempa=\box112
\@tempa=\box113
\@tempa=\box114
\@tempa=\box115
\c@minrows=\count440
\c@columnbadness=\count441
\c@finalcolumnbadness=\count442
\last@try=\dimen270
\multicolovershoot=\dimen271
\multicolundershoot=\dimen272
\mult@nat@firstbox=\box116
\colbreak@box=\box117
\mc@col@check@num=\count443
)
Package hyperref Info: Option `colorlinks' set `true' on input line 57.
\@quotelevel=\count444
\@quotereset=\count445
LaTeX Font Info:    Trying to load font information for T1+pplx on input line 81.
 (C:\Users\PRACA\AppData\Local\Programs\MiKTeX\tex/latex/psnfss\t1pplx.fd
File: t1pplx.fd 2004/09/06 font definitions for T1/pplx.
) (article.aux)
\openout1 = `article.aux'.

LaTeX Font Info:    Checking defaults for OML/cmm/m/it on input line 81.
LaTeX Font Info:    ... okay on input line 81.
LaTeX Font Info:    Checking defaults for OMS/cmsy/m/n on input line 81.
LaTeX Font Info:    ... okay on input line 81.
LaTeX Font Info:    Checking defaults for OT1/cmr/m/n on input line 81.
LaTeX Font Info:    ... okay on input line 81.
LaTeX Font Info:    Checking defaults for T1/cmr/m/n on input line 81.
LaTeX Font Info:    ... okay on input line 81.
LaTeX Font Info:    Checking defaults for TS1/cmr/m/n on input line 81.
LaTeX Font Info:    ... okay on input line 81.
LaTeX Font Info:    Checking defaults for OMX/cmex/m/n on input line 81.
LaTeX Font Info:    ... okay on input line 81.
LaTeX Font Info:    Checking defaults for U/cmr/m/n on input line 81.
LaTeX Font Info:    ... okay on input line 81.
LaTeX Font Info:    Checking defaults for PD1/pdf/m/n on input line 81.
LaTeX Font Info:    ... okay on input line 81.
LaTeX Font Info:    Checking defaults for PU/pdf/m/n on input line 81.
LaTeX Font Info:    ... okay on input line 81.
 (C:\Users\PRACA\AppData\Local\Programs\MiKTeX\tex/context/base/mkii\supp-pdf.mkii
[Loading MPS to PDF converter (version 2006.09.02).]
\scratchcounter=\count446
\scratchdimen=\dimen273
\scratchbox=\box118
\nofMPsegments=\count447
\nofMParguments=\count448
\everyMPshowfont=\toks38
\MPscratchCnt=\count449
\MPscratchDim=\dimen274
\MPnumerator=\count450
\makeMPintoPDFobject=\count451
\everyMPtoPDFconversion=\toks39
) (C:\Users\PRACA\AppData\Local\Programs\MiKTeX\tex/latex/epstopdf-pkg\epstopdf-base.sty
Package: epstopdf-base 2020-01-24 v2.11 Base part for package epstopdf
Package epstopdf-base Info: Redefining graphics rule for `.eps' on input line 485.
 (C:\Users\PRACA\AppData\Local\Programs\MiKTeX\tex/latex/00miktex\epstopdf-sys.cfg
File: epstopdf-sys.cfg 2021/03/18 v2.0 Configuration of epstopdf for MiKTeX
))
*geometry* driver: auto-detecting
*geometry* detected driver: pdftex
*geometry* verbose mode - [ preamble ] result:
* driver: pdftex
* paper: a4paper
* layout: <same size as paper>
* layoutoffset:(h,v)=(0.0pt,0.0pt)
* modes: twoside 
* h-part:(L,W,R)=(56.9055pt, 483.69687pt, 56.9055pt)
* v-part:(T,H,B)=(71.13188pt, 702.78308pt, 71.13188pt)
* \paperwidth=597.50787pt
* \paperheight=845.04684pt
* \textwidth=483.69687pt
* \textheight=702.78308pt
* \oddsidemargin=-15.36449pt
* \evensidemargin=-15.36449pt
* \topmargin=-34.47766pt
* \headheight=12.0pt
* \headsep=21.33955pt
* \topskip=10.0pt
* \footskip=28.45274pt
* \marginparwidth=48.0pt
* \marginparsep=10.0pt
* \columnsep=20.0pt
* \skip\footins=9.0pt plus 4.0pt minus 2.0pt
* \hoffset=0.0pt
* \voffset=0.0pt
* \mag=1000
* \@twocolumntrue
* \@twosidetrue
* \@mparswitchtrue
* \@reversemarginfalse
* (1in=72.27pt=25.4mm, 1cm=28.453pt)

LaTeX Info: Redefining \microtypecontext on input line 81.
Package microtype Info: Applying patch `item' on input line 81.
Package microtype Info: Applying patch `toc' on input line 81.
Package microtype Info: Applying patch `eqnum' on input line 81.
Package microtype Info: Applying patch `footnote' on input line 81.
Package microtype Info: Applying patch `verbatim' on input line 81.
Package microtype Info: Generating PDF output.
Package microtype Info: Character protrusion enabled (level 2).
Package microtype Info: Using default protrusion set `alltext'.
Package microtype Info: Automatic font expansion enabled (level 2),
(microtype)             stretch: 20, shrink: 20, step: 1, non-selected.
Package microtype Info: Using default expansion set `alltext-nott'.
LaTeX Info: Redefining \showhyphens on input line 81.
Package microtype Info: No adjustment of tracking.
Package microtype Info: No adjustment of interword spacing.
Package microtype Info: No adjustment of character kerning.
(C:\Users\PRACA\AppData\Local\Programs\MiKTeX\tex/latex/microtype\mt-ppl.cfg
File: mt-ppl.cfg 2005/11/16 v1.6 microtype config. file: Palatino (RS)
)
Package biblatex Info: Trying to load language 'english'...
Package biblatex Info: ... file 'english.lbx' found.
 (C:\Users\PRACA\AppData\Local\Programs\MiKTeX\tex/latex/biblatex/lbx\english.lbx
File: english.lbx 2022/07/12 v3.18b biblatex localization (PK/MW)
)
Package biblatex Info: Input encoding 'utf8' detected.
Package biblatex Info: Automatic encoding selection.
(biblatex)             Assuming data encoding 'utf8'.
\openout3 = `article.bcf'.

Package biblatex Info: Trying to load bibliographic data...
Package biblatex Info: ... file 'article.bbl' found.
 (article.bbl)
Package biblatex Info: Reference section=0 on input line 81.
Package biblatex Info: Reference segment=0 on input line 81.
Package caption Info: Begin \AtBeginDocument code.
Package caption Info: float package is loaded.
Package caption Info: hyperref package is loaded.
Package caption Info: longtable package is loaded.
 (C:\Users\PRACA\AppData\Local\Programs\MiKTeX\tex/latex/caption\ltcaption.sty
Package: ltcaption 2021/01/08 v1.4c longtable captions (AR)
)
Package caption Info: threeparttable package is loaded.
Package caption Info: End \AtBeginDocument code.
Package hyperref Info: Link coloring ON on input line 81.
 (article.out) (article.out)
\@outlinefile=\write4
\openout4 = `article.out'.

<Figures//frontpage.png, id=127, 722.7pt x 505.89pt>
File: Figures//frontpage.png Graphic file (type png)
<use Figures//frontpage.png>
Package pdftex.def Info: Figures//frontpage.png  used on input line 95.
(pdftex.def)             Requested size: 459.51054pt x 321.66113pt.
 [1


{C:/Users/PRACA/AppData/Local/MiKTeX/fonts/map/pdftex/pdftex.map} <./Figures//frontpage.png>]
LaTeX Font Info:    Trying to load font information for OT1+pplx on input line 111.
 (C:\Users\PRACA\AppData\Local\Programs\MiKTeX\tex/latex/psnfss\ot1pplx.fd
File: ot1pplx.fd 2004/09/06 font definitions for OT1/pplx.
)
LaTeX Font Info:    Trying to load font information for OML+zplm on input line 111.
 (C:\Users\PRACA\AppData\Local\Programs\MiKTeX\tex/latex/psnfss\omlzplm.fd
File: omlzplm.fd 2002/09/08 Fontinst v1.914 font definitions for OML/zplm.
)
LaTeX Font Info:    Trying to load font information for OMS+zplm on input line 111.
 (C:\Users\PRACA\AppData\Local\Programs\MiKTeX\tex/latex/psnfss\omszplm.fd
File: omszplm.fd 2002/09/08 Fontinst v1.914 font definitions for OMS/zplm.
)
LaTeX Font Info:    Trying to load font information for OMX+zplm on input line 111.
 (C:\Users\PRACA\AppData\Local\Programs\MiKTeX\tex/latex/psnfss\omxzplm.fd
File: omxzplm.fd 2002/09/08 Fontinst v1.914 font definitions for OMX/zplm.
)
LaTeX Font Info:    Trying to load font information for OT1+zplm on input line 111.
 (C:\Users\PRACA\AppData\Local\Programs\MiKTeX\tex/latex/psnfss\ot1zplm.fd
File: ot1zplm.fd 2002/09/08 Fontinst v1.914 font definitions for OT1/zplm.
)
Package microtype Info: Loading generic protrusion settings for font family
(microtype)             `zplm' (encoding: OT1).
(microtype)             For optimal results, create family-specific settings.
(microtype)             See the microtype manual for details.
LaTeX Font Info:    Trying to load font information for TS1+pplx on input line 111.
 (C:\Users\PRACA\AppData\Local\Programs\MiKTeX\tex/latex/psnfss\ts1pplx.fd
File: ts1pplx.fd 2004/09/06 font definitions for TS1/pplx.
)
<Figures//graphical_abstract.PNG, id=138, 424.58624pt x 272.30304pt>
File: Figures//graphical_abstract.PNG Graphic file (type png)
<use Figures//graphical_abstract.PNG>
Package pdftex.def Info: Figures//graphical_abstract.PNG  used on input line 111.
(pdftex.def)             Requested size: 483.69687pt x 310.22925pt.

Overfull \hbox (10.00002pt too wide) in paragraph at lines 111--112
[][] 
 []


Underfull \hbox (badness 10000) in paragraph at lines 114--148

 []

[2


 <./Figures//graphical_abstract.PNG>]
Underfull \hbox (badness 1142) in paragraph at lines 182--208
\T1/pplx/m/n/10 (+20) es-sen-tial for mam-malian de-vel-op-ment and has
 []


Underfull \hbox (badness 1270) in paragraph at lines 182--208
\T1/pplx/m/n/10 (+20) ac-tiv-ity of genes by al-ter-ing the chro-mo-so-mal
 []


Underfull \hbox (badness 1292) in paragraph at lines 182--208
\T1/pplx/m/n/10 (+20) the main-te-nance of DNA methy-la-tion. Upon
 []


Underfull \hbox (badness 1189) in paragraph at lines 182--208
\T1/pplx/m/n/10 (+20) en-zymes aid the con-tin-u-a-tion of said pat-terns
 []


Underfull \hbox (badness 10000) in paragraph at lines 182--208

 []

[3

]
Underfull \vbox (badness 10000) has occurred while \output is active []


Underfull \hbox (badness 1540) in paragraph at lines 310--311
[]\T1/pplx/m/n/10 (+20) Mesoderm ^^U kid-ney, skele-tal mus-cle from
 []


Underfull \hbox (badness 1460) in paragraph at lines 325--353
\T1/pplx/m/n/10 (+20) DEGs be-tween de-vel-op-men-tal stages, there-fore
 []


Underfull \hbox (badness 10000) in paragraph at lines 325--353

 []

[4]
LaTeX Font Info:    Trying to load font information for T1+cmtt on input line 379.
 (C:\Users\PRACA\AppData\Local\Programs\MiKTeX\tex/latex/base\t1cmtt.fd
File: t1cmtt.fd 2019/12/16 v2.5j Standard LaTeX font definitions
)
Package microtype Info: Loading generic protrusion settings for font family
(microtype)             `cmtt' (encoding: T1).
(microtype)             For optimal results, create family-specific settings.
(microtype)             See the microtype manual for details.
 [5]
Package microtype Info: Loading generic protrusion settings for font family
(microtype)             `cmss' (encoding: OT1).
(microtype)             For optimal results, create family-specific settings.
(microtype)             See the microtype manual for details.
LaTeX Font Info:    Trying to load font information for U+fplmbb on input line 477.
 (C:\Users\PRACA\AppData\Local\Programs\MiKTeX\tex/latex/psnfss\ufplmbb.fd
File: ufplmbb.fd 2003/10/30 Fontinst v1.914 font definitions for U/fplmbb.
)
Underfull \hbox (badness 1755) in paragraph at lines 475--490
\T1/pplx/m/n/10 (+20) from the same $\OML/zplm/m/it/10 p$\T1/pplx/m/n/10 (+20) -variate Gaus-sian dis-tri-bu-tion
 []


Underfull \hbox (badness 10000) in paragraph at lines 475--490

 []


Underfull \hbox (badness 3098) in paragraph at lines 525--545
\T1/pplx/m/n/10 (+20) where $\OT1/zplm/m/n/10 ^^H[]$ \T1/pplx/m/n/10 (+20) de-notes the in-verse nor-mal stan-
 []

[6]
Underfull \hbox (badness 10000) in paragraph at lines 632--636

 []

[7]
Underfull \hbox (badness 1406) in paragraph at lines 712--731
\T1/pplx/m/n/10 (+20) es-ti-ma-tion of mul-ti-ple pre-ci-sion ma-tri-ces from
 []


Underfull \hbox (badness 10000) in paragraph at lines 712--731

 []


Overfull \hbox (2.50375pt too wide) detected at line 761
[]\OT1/pplx/m/n/10 ;
 []


Overfull \hbox (2.50528pt too wide) detected at line 779
[]\OT1/pplx/m/n/10 ;
 []


Overfull \hbox (2.49966pt too wide) detected at line 795
[]\OT1/pplx/m/n/10 .
 []


Underfull \hbox (badness 10000) in paragraph at lines 797--811
\T1/pplx/m/n/10 (+20) The \T1/cmtt/m/n/10 optPenalty.fused() \T1/pplx/m/n/10 (+20) func-tion from the
 []


Underfull \hbox (badness 1231) in paragraph at lines 797--811
\T1/pplx/m/n/10 (+20) of the neg-a-tive fused log-likelihood score and
 []


Underfull \hbox (badness 1014) in paragraph at lines 797--811
\T1/pplx/m/n/10 (+20) pos-te-rior prob-a-bil-ity of be-ing present is larger
 []

[8] [9]
<Figures//CLUSTERING.jpg, id=369, 794.97pt x 794.97pt>
File: Figures//CLUSTERING.jpg Graphic file (type jpg)
<use Figures//CLUSTERING.jpg>
Package pdftex.def Info: Figures//CLUSTERING.jpg  used on input line 946.
(pdftex.def)             Requested size: 483.69687pt x 483.70584pt.


LaTeX Warning: `h' float specifier changed to `ht'.

[10

] [11 <./Figures//CLUSTERING.jpg>]
Overfull \hbox (2.49353pt too wide) detected at line 1010
[]\OT1/pplx/m/n/10 ,
 []

[12


]
<Figures//liver_30-70.png, id=394, 794.97pt x 794.97pt>
File: Figures//liver_30-70.png Graphic file (type png)
<use Figures//liver_30-70.png>
Package pdftex.def Info: Figures//liver_30-70.png  used on input line 1080.
(pdftex.def)             Requested size: 483.69687pt x 483.70584pt.
 [13 <./Figures//liver_30-70.png>]
<Figures//liver30_enrichment.png, id=403, 532.99126pt x 225.09094pt>
File: Figures//liver30_enrichment.png Graphic file (type png)
<use Figures//liver30_enrichment.png>
Package pdftex.def Info: Figures//liver30_enrichment.png  used on input line 1113.
(pdftex.def)             Requested size: 231.84843pt x 97.91376pt.
<Figures//liver70_enrichment.png, id=411, 532.99126pt x 225.09094pt>
File: Figures//liver70_enrichment.png Graphic file (type png)
<use Figures//liver70_enrichment.png>
Package pdftex.def Info: Figures//liver70_enrichment.png  used on input line 1167.
(pdftex.def)             Requested size: 231.84843pt x 97.91376pt.
 [14


 <./Figures//liver30_enrichment.png> <./Figures//liver70_enrichment.png>]
<Figures//lung70_enrichment.png, id=434, 532.99126pt x 225.09094pt>
File: Figures//lung70_enrichment.png Graphic file (type png)
<use Figures//lung70_enrichment.png>
Package pdftex.def Info: Figures//lung70_enrichment.png  used on input line 1217.
(pdftex.def)             Requested size: 231.84843pt x 97.91376pt.
<Figures//lungNB_enrichment.png, id=442, 532.99126pt x 225.09094pt>
File: Figures//lungNB_enrichment.png Graphic file (type png)
<use Figures//lungNB_enrichment.png>
Package pdftex.def Info: Figures//lungNB_enrichment.png  used on input line 1277.
(pdftex.def)             Requested size: 231.84843pt x 97.91376pt.
 [15 <./Figures//lung70_enrichment.png> <./Figures//lungNB_enrichment.png>]
<Figures//muscle70_enrichment.png, id=468, 532.99126pt x 225.09094pt>
File: Figures//muscle70_enrichment.png Graphic file (type png)
<use Figures//muscle70_enrichment.png>
Package pdftex.def Info: Figures//muscle70_enrichment.png  used on input line 1328.
(pdftex.def)             Requested size: 231.84843pt x 97.91376pt.
<Figures//muscleNB_enrichment.png, id=475, 532.99126pt x 225.09094pt>
File: Figures//muscleNB_enrichment.png Graphic file (type png)
<use Figures//muscleNB_enrichment.png>
Package pdftex.def Info: Figures//muscleNB_enrichment.png  used on input line 1388.
(pdftex.def)             Requested size: 231.84843pt x 97.91376pt.

Underfull \vbox (badness 10000) has occurred while \output is active []

 [16 <./Figures//muscle70_enrichment.png> <./Figures//muscleNB_enrichment.png>]
<Figures//skin70_enrichment.png, id=503, 532.99126pt x 225.09094pt>
File: Figures//skin70_enrichment.png Graphic file (type png)
<use Figures//skin70_enrichment.png>
Package pdftex.def Info: Figures//skin70_enrichment.png  used on input line 1439.
(pdftex.def)             Requested size: 231.84843pt x 97.91376pt.
<Figures//skinNB_enrichment.png, id=505, 532.99126pt x 225.09094pt>
File: Figures//skinNB_enrichment.png Graphic file (type png)
<use Figures//skinNB_enrichment.png>
Package pdftex.def Info: Figures//skinNB_enrichment.png  used on input line 1487.
(pdftex.def)             Requested size: 231.84843pt x 97.91376pt.
 [17 <./Figures//skin70_enrichment.png> <./Figures//skinNB_enrichment.png>]
Underfull \vbox (badness 7012) has occurred while \output is active []


Underfull \vbox (badness 7012) has occurred while \output is active []

 [18]
Underfull \hbox (badness 1132) in paragraph at lines 1665--1666
[]\T1/pplx/m/n/10 (+20) Functional An-no-ta-tion of An-i-mal
 []


Underfull \hbox (badness 1448) in paragraph at lines 1752--1753
[]\T1/pplx/m/n/10 (+20) Insulin-like growth factor-binding
 []

[19]
Overfull \hbox (315.99275pt too wide) in paragraph at lines 1800--1877
[] 
 []

[20


]
Overfull \hbox (275.79272pt too wide) in paragraph at lines 1884--1949
[] 
 []

[21

]
Overfull \hbox (362.9727pt too wide) in paragraph at lines 1956--2047
[] 
 []

[22

]
<Figures//aws.png, id=564, 455.45157pt x 682.80093pt>
File: Figures//aws.png Graphic file (type png)
<use Figures//aws.png>
Package pdftex.def Info: Figures//aws.png  used on input line 2053.
(pdftex.def)             Requested size: 290.22107pt x 435.0949pt.


LaTeX Warning: No positions in optional float specifier.
               Default added (so using `tbp') on input line 2064.

<Figures//CN_plot.png, id=565, 455.45157pt x 682.80093pt>
File: Figures//CN_plot.png Graphic file (type png)
<use Figures//CN_plot.png>
Package pdftex.def Info: Figures//CN_plot.png  used on input line 2066.
(pdftex.def)             Requested size: 386.95897pt x 580.13348pt.
[23

 <./Figures//aws.png>] [24 <./Figures//CN_plot.png>]
<Figures//lung_70-NB.png, id=585, 794.97pt x 794.97pt>
File: Figures//lung_70-NB.png Graphic file (type png)
<use Figures//lung_70-NB.png>
Package pdftex.def Info: Figures//lung_70-NB.png  used on input line 2090.
(pdftex.def)             Requested size: 483.69687pt x 483.70584pt.
 [25

 <./Figures//lung_70-NB.png>]
<Figures//muscle_70-NB.png, id=593, 794.97pt x 794.97pt>
File: Figures//muscle_70-NB.png Graphic file (type png)
<use Figures//muscle_70-NB.png>
Package pdftex.def Info: Figures//muscle_70-NB.png  used on input line 2103.
(pdftex.def)             Requested size: 483.69687pt x 483.70584pt.
 [26

 <./Figures//muscle_70-NB.png>]
<Figures//skin_70-NB.png, id=600, 794.97pt x 794.97pt>
File: Figures//skin_70-NB.png Graphic file (type png)
<use Figures//skin_70-NB.png>
Package pdftex.def Info: Figures//skin_70-NB.png  used on input line 2116.
(pdftex.def)             Requested size: 483.69687pt x 483.70584pt.
 [27

 <./Figures//skin_70-NB.png>]
<Figures//communities_liver30.png, id=607, 505.89pt x 505.89pt>
File: Figures//communities_liver30.png Graphic file (type png)
<use Figures//communities_liver30.png>
Package pdftex.def Info: Figures//communities_liver30.png  used on input line 2130.
(pdftex.def)             Requested size: 483.69687pt x 483.70361pt.
 [28

 <./Figures//communities_liver30.png>]
<Figures//communities_liver70.png, id=615, 505.89pt x 505.89pt>
File: Figures//communities_liver70.png Graphic file (type png)
<use Figures//communities_liver70.png>
Package pdftex.def Info: Figures//communities_liver70.png  used on input line 2141.
(pdftex.def)             Requested size: 483.69687pt x 483.70361pt.
 [29

 <./Figures//communities_liver70.png>]
<Figures//communities_lung70.png, id=622, 505.89pt x 505.89pt>
File: Figures//communities_lung70.png Graphic file (type png)
<use Figures//communities_lung70.png>
Package pdftex.def Info: Figures//communities_lung70.png  used on input line 2152.
(pdftex.def)             Requested size: 483.69687pt x 483.70361pt.
 [30

 <./Figures//communities_lung70.png>]
<Figures//communities_lungNB.png, id=629, 505.89pt x 505.89pt>
File: Figures//communities_lungNB.png Graphic file (type png)
<use Figures//communities_lungNB.png>
Package pdftex.def Info: Figures//communities_lungNB.png  used on input line 2163.
(pdftex.def)             Requested size: 483.69687pt x 483.70361pt.
 [31

 <./Figures//communities_lungNB.png>]
<Figures//communities_muscle70.png, id=637, 505.89pt x 505.89pt>
File: Figures//communities_muscle70.png Graphic file (type png)
<use Figures//communities_muscle70.png>
Package pdftex.def Info: Figures//communities_muscle70.png  used on input line 2174.
(pdftex.def)             Requested size: 483.69687pt x 483.70361pt.
 [32

 <./Figures//communities_muscle70.png>]
<Figures//communities_muscleNB.png, id=644, 505.89pt x 505.89pt>
File: Figures//communities_muscleNB.png Graphic file (type png)
<use Figures//communities_muscleNB.png>
Package pdftex.def Info: Figures//communities_muscleNB.png  used on input line 2185.
(pdftex.def)             Requested size: 483.69687pt x 483.70361pt.
 [33

 <./Figures//communities_muscleNB.png>]
<Figures//communities_skin70.png, id=651, 505.89pt x 505.89pt>
File: Figures//communities_skin70.png Graphic file (type png)
<use Figures//communities_skin70.png>
Package pdftex.def Info: Figures//communities_skin70.png  used on input line 2196.
(pdftex.def)             Requested size: 483.69687pt x 483.70361pt.
 [34

 <./Figures//communities_skin70.png>]
<Figures//communities_skinNB.png, id=658, 505.89pt x 505.89pt>
File: Figures//communities_skinNB.png Graphic file (type png)
<use Figures//communities_skinNB.png>
Package pdftex.def Info: Figures//communities_skinNB.png  used on input line 2207.
(pdftex.def)             Requested size: 483.69687pt x 483.70361pt.
 [35

 <./Figures//communities_skinNB.png>] [36

] [37] [38

]
Package microtype Info: Character `029' is missing
(microtype)             in font `T1/pplx/m/sc/10'.
(microtype)             Ignoring protrusion settings for this character.

Underfull \hbox (badness 1189) in paragraph at lines 2471--2471
\T1/pplx/m/n/10 (+20) Epi-ge-netic Hi-er-ar-chy?'' In: \T1/pplx/m/it/10 (+20) Genes & Can-
 []


Underfull \hbox (badness 1769) in paragraph at lines 2471--2471
[]\T1/pplx/m/n/10 (+20) W.J. Lim et al. ``Iden-ti-fi-ca-tion of DNA-
 []

[39


]
Underfull \hbox (badness 4621) in paragraph at lines 2471--2471
\T1/pplx/m/n/10 (+20) In: \T1/pplx/m/it/10 (+20) Genes \T1/pplx/m/n/10 (+20) 10 (2019). \T1/pplx/m/sc/10 (+20) doi\T1/pplx/m/n/10 (+20) : [][]$\T1/cmtt/m/n/10 10 . 3390 /
 []


Underfull \hbox (badness 1142) in paragraph at lines 2471--2471
[]\T1/pplx/m/n/10 (+20) M. Al-tenbuchinger et al. ``Gaus-sian and
 []

[40]
Underfull \hbox (badness 3758) in paragraph at lines 2471--2471
[]\T1/pplx/m/n/10 (+20) T.M.J. Fruchter-man and E.M. Rein-gold.
 []

[41]
Underfull \hbox (badness 1496) in paragraph at lines 2471--2471
[]\T1/pplx/m/n/10 (+20) P. Vallecillo-Garca et al. ``Odd skipped-
 []

[42] [43] (article.aux)
Package rerunfilecheck Info: File `article.out' has not changed.
(rerunfilecheck)             Checksum: 238A4CAD88EE4B1B7E8EC7926250A178;5419.
Package logreq Info: Writing requests to 'article.run.xml'.
\openout1 = `article.run.xml'.

 ) 
Here is how much of TeX's memory you used:
 25293 strings out of 475385
 448410 string characters out of 2776907
 1279720 words of memory out of 3000000
 45150 multiletter control sequences out of 15000+600000
 610074 words of font info for 775 fonts, out of 8000000 for 9000
 1141 hyphenation exceptions out of 8191
 75i,13n,82p,1333b,2072s stack positions out of 10000i,1000n,20000p,200000b,80000s
{C:/Users/PRACA/AppData/Local/Programs/MiKTeX/fonts/enc/dvips/base/8r.enc} <C:\Users\PRACA\AppData\Local\MiKTeX\fonts/pk/ljfour/jknappen/ec/dpi600\ecit0900.pk> <C:\Users\PRACA\AppData\Local\MiKTeX\fonts/pk/ljfour/jknappen/ec/dpi600\ectt1000.pk><C:/Users/PRACA/AppData/Local/Programs/MiKTeX/fonts/type1/public/amsfonts/cm/cmex10.pfb><C:/Users/PRACA/AppData/Local/Programs/MiKTeX/fonts/type1/public/amsfonts/cm/cmmi10.pfb><C:/Users/PRACA/AppData/Local/Programs/MiKTeX/fonts/type1/public/amsfonts/cm/cmr10.pfb><C:/Users/PRACA/AppData/Local/Programs/MiKTeX/fonts/type1/public/amsfonts/cm/cmsy10.pfb><C:/Users/PRACA/AppData/Local/Programs/MiKTeX/fonts/type1/public/mathpazo/fplmbb.pfb><C:/Users/PRACA/AppData/Local/Programs/MiKTeX/fonts/type1/public/mathpazo/fplmbi.pfb><C:/Users/PRACA/AppData/Local/Programs/MiKTeX/fonts/type1/public/mathpazo/fplmr.pfb><C:/Users/PRACA/AppData/Local/Programs/MiKTeX/fonts/type1/public/mathpazo/fplmri.pfb><C:/Users/PRACA/AppData/Local/Programs/MiKTeX/fonts/type1/public/fpl/fplrc8a.pfb><C:/Users/PRACA/AppData/Local/Programs/MiKTeX/fonts/type1/urw/palatino/uplb8a.pfb><C:/Users/PRACA/AppData/Local/Programs/MiKTeX/fonts/type1/urw/palatino/uplbi8a.pfb><C:/Users/PRACA/AppData/Local/Programs/MiKTeX/fonts/type1/urw/palatino/uplr8a.pfb><C:/Users/PRACA/AppData/Local/Programs/MiKTeX/fonts/type1/urw/palatino/uplri8a.pfb>
Output written on article.pdf (43 pages, 6650101 bytes).
PDF statistics:
 1062 PDF objects out of 1200 (max. 8388607)
 247 named destinations out of 1000 (max. 500000)
 193910 words of extra memory for PDF output out of 221844 (max. 10000000)

